2022-10-31 14:40:21,351 [Worker-2: Loading available Gradle versions] INFO  o.e.b.c.i.u.g.PublishedGradleVersions - Gradle version information cache is up-to-date. Trying to read.
2022-10-31 14:42:22,466 [Worker-10: Import Getting Started Content] INFO  o.e.m.c.i.l.LifecycleMappingFactory - Using org.maven.ide.eclipse.wtp.WarLifecycleMapping lifecycle mapping for MavenProject: com.mostafa.hellohuman:hellohuman:0.0.1-SNAPSHOT @ C:\Users\Ghaith\Desktop\CodingDojo\Java_Stack\SpringBoot\hellohuman\pom.xml.
2022-10-31 14:42:24,514 [Worker-10: Import Getting Started Content] INFO  o.e.m.j.i.AbstractJavaProjectConfigurator - Adding source folder /hellohuman/src/main/java
2022-10-31 14:42:24,515 [Worker-10: Import Getting Started Content] INFO  o.e.m.j.i.AbstractJavaProjectConfigurator - Adding resource folder /hellohuman/src/main/resources
2022-10-31 14:42:24,522 [Worker-10: Import Getting Started Content] INFO  o.e.m.j.i.AbstractJavaProjectConfigurator - Adding resource folder /hellohuman/src/main/resources
2022-10-31 14:42:24,530 [Worker-10: Import Getting Started Content] INFO  o.e.m.j.i.AbstractJavaProjectConfigurator - Adding source folder /hellohuman/src/test/java
2022-10-31 14:42:28,586 [Worker-10: Import Getting Started Content] INFO  o.e.m.c.i.p.ProjectConfigurationManager - Imported and configured 1 project(s) in 7 sec
2022-10-31 14:42:28,598 [Worker-10: Import Getting Started Content] INFO  o.e.m.c.i.p.ProjectConfigurationManager - Update started
2022-10-31 14:42:29,150 [Worker-10: Import Getting Started Content] INFO  o.e.m.c.i.l.LifecycleMappingFactory - Using org.maven.ide.eclipse.wtp.WarLifecycleMapping lifecycle mapping for MavenProject: com.mostafa.hellohuman:hellohuman:0.0.1-SNAPSHOT @ C:\Users\Ghaith\Desktop\CodingDojo\Java_Stack\SpringBoot\hellohuman\pom.xml.
2022-10-31 14:42:30,357 [Worker-10: Import Getting Started Content] INFO  o.e.m.j.i.AbstractJavaProjectConfigurator - Adding source folder /hellohuman/src/main/java
2022-10-31 14:42:30,358 [Worker-10: Import Getting Started Content] INFO  o.e.m.j.i.AbstractJavaProjectConfigurator - Adding resource folder /hellohuman/src/main/resources
2022-10-31 14:42:30,358 [Worker-10: Import Getting Started Content] INFO  o.e.m.j.i.AbstractJavaProjectConfigurator - Adding resource folder /hellohuman/src/main/resources
2022-10-31 14:42:30,360 [Worker-10: Import Getting Started Content] INFO  o.e.m.j.i.AbstractJavaProjectConfigurator - Adding source folder /hellohuman/src/test/java
2022-10-31 14:42:31,194 [Worker-10: Import Getting Started Content] INFO  o.e.m.w.i.f.ResourceFilteringBuildParticipant - Cleaning filtered folder for hellohuman
2022-10-31 14:42:31,200 [Worker-10: Import Getting Started Content] INFO  o.e.m.c.i.p.ProjectConfigurationManager - Update completed: 2 sec
2022-10-31 14:42:32,490 [Worker-9: Building] INFO  o.e.m.c.i.embedder.EclipseLogger - Using 'UTF-8' encoding to copy filtered resources.
2022-10-31 14:42:32,490 [Worker-9: Building] INFO  o.e.m.c.i.embedder.EclipseLogger - Using 'UTF-8' encoding to copy filtered properties files.
2022-10-31 14:42:32,496 [Worker-9: Building] INFO  o.e.m.c.i.embedder.EclipseLogger - Copying 1 resource
2022-10-31 14:42:32,520 [Worker-9: Building] INFO  o.e.m.c.i.embedder.EclipseLogger - Copying 0 resource
2022-10-31 14:42:32,527 [Worker-9: Building] INFO  o.e.m.c.i.embedder.EclipseLogger - Using 'UTF-8' encoding to copy filtered resources.
2022-10-31 14:42:32,527 [Worker-9: Building] INFO  o.e.m.c.i.embedder.EclipseLogger - Using 'UTF-8' encoding to copy filtered properties files.
2022-10-31 14:42:32,527 [Worker-9: Building] INFO  o.e.m.c.i.embedder.EclipseLogger - skip non existing resourceDirectory C:\Users\Ghaith\Desktop\CodingDojo\Java_Stack\SpringBoot\hellohuman\src\test\resources
2022-10-31 14:42:32,528 [Worker-9: Building] INFO  o.e.m.w.i.f.ResourceFilteringBuildParticipant - Changed resources require a complete clean of filtered resources of hellohuman
2022-10-31 14:42:32,532 [Worker-9: Building] INFO  o.e.m.w.i.f.ResourceFilteringBuildParticipant - Executing resource filtering for hellohuman
2022-10-31 14:42:32,541 [Worker-9: Building] INFO  o.e.m.c.i.embedder.EclipseLogger - Using 'UTF-8' encoding to copy filtered resources.
2022-10-31 14:42:32,541 [Worker-9: Building] INFO  o.e.m.c.i.embedder.EclipseLogger - Using 'UTF-8' encoding to copy filtered properties files.
2022-10-31 14:42:35,590 [Worker-0: Building] INFO  o.e.m.c.i.embedder.EclipseLogger - Using 'UTF-8' encoding to copy filtered resources.
2022-10-31 14:42:35,590 [Worker-0: Building] INFO  o.e.m.c.i.embedder.EclipseLogger - Using 'UTF-8' encoding to copy filtered properties files.
2022-10-31 14:42:35,592 [Worker-0: Building] INFO  o.e.m.c.i.embedder.EclipseLogger - Copying 0 resource
2022-10-31 14:42:35,593 [Worker-0: Building] INFO  o.e.m.c.i.embedder.EclipseLogger - Copying 0 resource
2022-10-31 14:42:35,597 [Worker-0: Building] INFO  o.e.m.c.i.embedder.EclipseLogger - Using 'UTF-8' encoding to copy filtered resources.
2022-10-31 14:42:35,597 [Worker-0: Building] INFO  o.e.m.c.i.embedder.EclipseLogger - Using 'UTF-8' encoding to copy filtered properties files.
2022-10-31 14:42:35,598 [Worker-0: Building] INFO  o.e.m.c.i.embedder.EclipseLogger - skip non existing resourceDirectory C:\Users\Ghaith\Desktop\CodingDojo\Java_Stack\SpringBoot\hellohuman\src\test\resources
2022-10-31 14:45:12,246 [Worker-10: Building] INFO  o.e.m.c.i.embedder.EclipseLogger - Using 'UTF-8' encoding to copy filtered resources.
2022-10-31 14:45:12,255 [Worker-10: Building] INFO  o.e.m.c.i.embedder.EclipseLogger - Using 'UTF-8' encoding to copy filtered properties files.
2022-10-31 14:45:12,265 [Worker-10: Building] INFO  o.e.m.c.i.embedder.EclipseLogger - Copying 1 resource
2022-10-31 14:45:12,296 [Worker-10: Building] INFO  o.e.m.c.i.embedder.EclipseLogger - Copying 0 resource
2022-10-31 14:45:12,302 [Worker-10: Building] INFO  o.e.m.c.i.embedder.EclipseLogger - Using 'UTF-8' encoding to copy filtered resources.
2022-10-31 14:45:12,303 [Worker-10: Building] INFO  o.e.m.c.i.embedder.EclipseLogger - Using 'UTF-8' encoding to copy filtered properties files.
2022-10-31 14:45:12,303 [Worker-10: Building] INFO  o.e.m.c.i.embedder.EclipseLogger - skip non existing resourceDirectory C:\Users\Ghaith\Desktop\CodingDojo\Java_Stack\SpringBoot\hellohuman\src\test\resources
2022-10-31 14:45:31,961 [Worker-14: Launching hellohuman - HellohumanApplication] INFO  o.e.m.c.i.embedder.EclipseLogger - Using 'UTF-8' encoding to copy filtered resources.
2022-10-31 14:45:31,961 [Worker-14: Launching hellohuman - HellohumanApplication] INFO  o.e.m.c.i.embedder.EclipseLogger - Using 'UTF-8' encoding to copy filtered properties files.
2022-10-31 14:45:31,963 [Worker-14: Launching hellohuman - HellohumanApplication] INFO  o.e.m.c.i.embedder.EclipseLogger - Copying 1 resource
2022-10-31 14:45:31,972 [Worker-14: Launching hellohuman - HellohumanApplication] INFO  o.e.m.c.i.embedder.EclipseLogger - Copying 0 resource
2022-10-31 14:45:31,978 [Worker-14: Launching hellohuman - HellohumanApplication] INFO  o.e.m.c.i.embedder.EclipseLogger - Using 'UTF-8' encoding to copy filtered resources.
2022-10-31 14:45:31,978 [Worker-14: Launching hellohuman - HellohumanApplication] INFO  o.e.m.c.i.embedder.EclipseLogger - Using 'UTF-8' encoding to copy filtered properties files.
2022-10-31 14:45:31,978 [Worker-14: Launching hellohuman - HellohumanApplication] INFO  o.e.m.c.i.embedder.EclipseLogger - skip non existing resourceDirectory C:\Users\Ghaith\Desktop\CodingDojo\Java_Stack\SpringBoot\hellohuman\src\test\resources
2022-10-31 14:46:27,755 [Worker-0: Loading available Gradle versions] INFO  o.e.b.c.i.u.g.PublishedGradleVersions - Gradle version information cache is up-to-date. Trying to read.
2022-10-31 14:48:46,989 [Worker-7: Import Getting Started Content] INFO  o.e.m.c.i.l.LifecycleMappingFactory - Using org.maven.ide.eclipse.wtp.WarLifecycleMapping lifecycle mapping for MavenProject: com.mostafa.daikichiroutes:daikichiroutes:0.0.1-SNAPSHOT @ C:\Users\Ghaith\Desktop\CodingDojo\Java_Stack\SpringBoot\daikichiroutes\pom.xml.
2022-10-31 14:48:49,146 [Worker-7: Import Getting Started Content] INFO  o.e.m.j.i.AbstractJavaProjectConfigurator - Adding source folder /daikichiroutes/src/main/java
2022-10-31 14:48:49,147 [Worker-7: Import Getting Started Content] INFO  o.e.m.j.i.AbstractJavaProjectConfigurator - Adding resource folder /daikichiroutes/src/main/resources
2022-10-31 14:48:49,155 [Worker-7: Import Getting Started Content] INFO  o.e.m.j.i.AbstractJavaProjectConfigurator - Adding resource folder /daikichiroutes/src/main/resources
2022-10-31 14:48:49,239 [Worker-7: Import Getting Started Content] INFO  o.e.m.j.i.AbstractJavaProjectConfigurator - Adding source folder /daikichiroutes/src/test/java
2022-10-31 14:48:51,887 [Worker-7: Import Getting Started Content] INFO  o.e.m.c.i.p.ProjectConfigurationManager - Imported and configured 1 project(s) in 6 sec
2022-10-31 14:48:51,894 [Worker-7: Import Getting Started Content] INFO  o.e.m.c.i.p.ProjectConfigurationManager - Update started
2022-10-31 14:48:52,587 [Worker-7: Import Getting Started Content] INFO  o.e.m.c.i.l.LifecycleMappingFactory - Using org.maven.ide.eclipse.wtp.WarLifecycleMapping lifecycle mapping for MavenProject: com.mostafa.daikichiroutes:daikichiroutes:0.0.1-SNAPSHOT @ C:\Users\Ghaith\Desktop\CodingDojo\Java_Stack\SpringBoot\daikichiroutes\pom.xml.
2022-10-31 14:48:54,160 [Worker-7: Import Getting Started Content] INFO  o.e.m.j.i.AbstractJavaProjectConfigurator - Adding source folder /daikichiroutes/src/main/java
2022-10-31 14:48:54,162 [Worker-7: Import Getting Started Content] INFO  o.e.m.j.i.AbstractJavaProjectConfigurator - Adding resource folder /daikichiroutes/src/main/resources
2022-10-31 14:48:54,165 [Worker-7: Import Getting Started Content] INFO  o.e.m.j.i.AbstractJavaProjectConfigurator - Adding resource folder /daikichiroutes/src/main/resources
2022-10-31 14:48:54,166 [Worker-7: Import Getting Started Content] INFO  o.e.m.j.i.AbstractJavaProjectConfigurator - Adding source folder /daikichiroutes/src/test/java
2022-10-31 14:48:54,923 [Worker-7: Import Getting Started Content] INFO  o.e.m.w.i.f.ResourceFilteringBuildParticipant - Cleaning filtered folder for daikichiroutes
2022-10-31 14:48:54,932 [Worker-7: Import Getting Started Content] INFO  o.e.m.c.i.p.ProjectConfigurationManager - Update completed: 3 sec
2022-10-31 14:48:55,872 [Worker-6: Building] INFO  o.e.m.c.i.embedder.EclipseLogger - Using 'UTF-8' encoding to copy filtered resources.
2022-10-31 14:48:55,873 [Worker-6: Building] INFO  o.e.m.c.i.embedder.EclipseLogger - Using 'UTF-8' encoding to copy filtered properties files.
2022-10-31 14:48:55,879 [Worker-6: Building] INFO  o.e.m.c.i.embedder.EclipseLogger - Copying 1 resource
2022-10-31 14:48:55,905 [Worker-6: Building] INFO  o.e.m.c.i.embedder.EclipseLogger - Copying 0 resource
2022-10-31 14:48:55,909 [Worker-6: Building] INFO  o.e.m.c.i.embedder.EclipseLogger - Using 'UTF-8' encoding to copy filtered resources.
2022-10-31 14:48:55,910 [Worker-6: Building] INFO  o.e.m.c.i.embedder.EclipseLogger - Using 'UTF-8' encoding to copy filtered properties files.
2022-10-31 14:48:55,910 [Worker-6: Building] INFO  o.e.m.c.i.embedder.EclipseLogger - skip non existing resourceDirectory C:\Users\Ghaith\Desktop\CodingDojo\Java_Stack\SpringBoot\daikichiroutes\src\test\resources
2022-10-31 14:48:55,912 [Worker-6: Building] INFO  o.e.m.w.i.f.ResourceFilteringBuildParticipant - Changed resources require a complete clean of filtered resources of daikichiroutes
2022-10-31 14:48:55,912 [Worker-6: Building] INFO  o.e.m.w.i.f.ResourceFilteringBuildParticipant - Executing resource filtering for daikichiroutes
2022-10-31 14:48:55,918 [Worker-6: Building] INFO  o.e.m.c.i.embedder.EclipseLogger - Using 'UTF-8' encoding to copy filtered resources.
2022-10-31 14:48:55,919 [Worker-6: Building] INFO  o.e.m.c.i.embedder.EclipseLogger - Using 'UTF-8' encoding to copy filtered properties files.
2022-10-31 14:49:48,961 [Worker-6: Building] INFO  o.e.m.c.i.embedder.EclipseLogger - Using 'UTF-8' encoding to copy filtered resources.
2022-10-31 14:49:48,962 [Worker-6: Building] INFO  o.e.m.c.i.embedder.EclipseLogger - Using 'UTF-8' encoding to copy filtered properties files.
2022-10-31 14:49:48,967 [Worker-6: Building] INFO  o.e.m.c.i.embedder.EclipseLogger - Copying 1 resource
2022-10-31 14:49:48,980 [Worker-6: Building] INFO  o.e.m.c.i.embedder.EclipseLogger - Copying 0 resource
2022-10-31 14:49:48,985 [Worker-6: Building] INFO  o.e.m.c.i.embedder.EclipseLogger - Using 'UTF-8' encoding to copy filtered resources.
2022-10-31 14:49:48,985 [Worker-6: Building] INFO  o.e.m.c.i.embedder.EclipseLogger - Using 'UTF-8' encoding to copy filtered properties files.
2022-10-31 14:49:48,986 [Worker-6: Building] INFO  o.e.m.c.i.embedder.EclipseLogger - skip non existing resourceDirectory C:\Users\Ghaith\Desktop\CodingDojo\Java_Stack\SpringBoot\daikichiroutes\src\test\resources
2022-10-31 14:52:29,211 [Worker-0: Building] INFO  o.e.m.c.i.embedder.EclipseLogger - Using 'UTF-8' encoding to copy filtered resources.
2022-10-31 14:52:29,211 [Worker-0: Building] INFO  o.e.m.c.i.embedder.EclipseLogger - Using 'UTF-8' encoding to copy filtered properties files.
2022-10-31 14:52:29,212 [Worker-0: Building] INFO  o.e.m.c.i.embedder.EclipseLogger - Copying 1 resource
2022-10-31 14:52:29,222 [Worker-0: Building] INFO  o.e.m.c.i.embedder.EclipseLogger - Copying 0 resource
2022-10-31 14:52:29,227 [Worker-0: Building] INFO  o.e.m.c.i.embedder.EclipseLogger - Using 'UTF-8' encoding to copy filtered resources.
2022-10-31 14:52:29,227 [Worker-0: Building] INFO  o.e.m.c.i.embedder.EclipseLogger - Using 'UTF-8' encoding to copy filtered properties files.
2022-10-31 14:52:29,227 [Worker-0: Building] INFO  o.e.m.c.i.embedder.EclipseLogger - skip non existing resourceDirectory C:\Users\Ghaith\Desktop\CodingDojo\Java_Stack\SpringBoot\daikichiroutes\src\test\resources
2022-10-31 14:53:34,646 [Worker-7: Launching daikichiroutes - DaikichiroutesApplication] INFO  o.e.m.c.i.embedder.EclipseLogger - Using 'UTF-8' encoding to copy filtered resources.
2022-10-31 14:53:34,647 [Worker-7: Launching daikichiroutes - DaikichiroutesApplication] INFO  o.e.m.c.i.embedder.EclipseLogger - Using 'UTF-8' encoding to copy filtered properties files.
2022-10-31 14:53:34,648 [Worker-7: Launching daikichiroutes - DaikichiroutesApplication] INFO  o.e.m.c.i.embedder.EclipseLogger - Copying 1 resource
2022-10-31 14:53:34,700 [Worker-7: Launching daikichiroutes - DaikichiroutesApplication] INFO  o.e.m.c.i.embedder.EclipseLogger - Copying 0 resource
2022-10-31 14:53:34,705 [Worker-7: Launching daikichiroutes - DaikichiroutesApplication] INFO  o.e.m.c.i.embedder.EclipseLogger - Using 'UTF-8' encoding to copy filtered resources.
2022-10-31 14:53:34,706 [Worker-7: Launching daikichiroutes - DaikichiroutesApplication] INFO  o.e.m.c.i.embedder.EclipseLogger - Using 'UTF-8' encoding to copy filtered properties files.
2022-10-31 14:53:34,706 [Worker-7: Launching daikichiroutes - DaikichiroutesApplication] INFO  o.e.m.c.i.embedder.EclipseLogger - skip non existing resourceDirectory C:\Users\Ghaith\Desktop\CodingDojo\Java_Stack\SpringBoot\daikichiroutes\src\test\resources
2022-10-31 15:00:26,371 [Worker-10: Building] INFO  o.e.m.c.i.embedder.EclipseLogger - Using 'UTF-8' encoding to copy filtered resources.
2022-10-31 15:00:26,376 [Worker-10: Building] INFO  o.e.m.c.i.embedder.EclipseLogger - Using 'UTF-8' encoding to copy filtered properties files.
2022-10-31 15:00:26,378 [Worker-10: Building] INFO  o.e.m.c.i.embedder.EclipseLogger - Copying 1 resource
2022-10-31 15:00:26,465 [Worker-10: Building] INFO  o.e.m.c.i.embedder.EclipseLogger - Copying 0 resource
2022-10-31 15:00:26,470 [Worker-10: Building] INFO  o.e.m.c.i.embedder.EclipseLogger - Using 'UTF-8' encoding to copy filtered resources.
2022-10-31 15:00:26,470 [Worker-10: Building] INFO  o.e.m.c.i.embedder.EclipseLogger - Using 'UTF-8' encoding to copy filtered properties files.
2022-10-31 15:00:26,470 [Worker-10: Building] INFO  o.e.m.c.i.embedder.EclipseLogger - skip non existing resourceDirectory C:\Users\Ghaith\Desktop\CodingDojo\Java_Stack\SpringBoot\daikichiroutes\src\test\resources
2022-10-31 15:00:29,936 [Worker-10: Building] INFO  o.e.m.c.i.embedder.EclipseLogger - Using 'UTF-8' encoding to copy filtered resources.
2022-10-31 15:00:29,937 [Worker-10: Building] INFO  o.e.m.c.i.embedder.EclipseLogger - Using 'UTF-8' encoding to copy filtered properties files.
2022-10-31 15:00:29,938 [Worker-10: Building] INFO  o.e.m.c.i.embedder.EclipseLogger - Copying 1 resource
2022-10-31 15:00:30,100 [Worker-10: Building] INFO  o.e.m.c.i.embedder.EclipseLogger - Copying 0 resource
2022-10-31 15:00:30,105 [Worker-10: Building] INFO  o.e.m.c.i.embedder.EclipseLogger - Using 'UTF-8' encoding to copy filtered resources.
2022-10-31 15:00:30,106 [Worker-10: Building] INFO  o.e.m.c.i.embedder.EclipseLogger - Using 'UTF-8' encoding to copy filtered properties files.
2022-10-31 15:00:30,106 [Worker-10: Building] INFO  o.e.m.c.i.embedder.EclipseLogger - skip non existing resourceDirectory C:\Users\Ghaith\Desktop\CodingDojo\Java_Stack\SpringBoot\daikichiroutes\src\test\resources
2022-10-31 15:06:59,270 [Worker-7: Building] INFO  o.e.m.c.i.embedder.EclipseLogger - Using 'UTF-8' encoding to copy filtered resources.
2022-10-31 15:06:59,271 [Worker-7: Building] INFO  o.e.m.c.i.embedder.EclipseLogger - Using 'UTF-8' encoding to copy filtered properties files.
2022-10-31 15:06:59,273 [Worker-7: Building] INFO  o.e.m.c.i.embedder.EclipseLogger - Copying 1 resource
2022-10-31 15:06:59,457 [Worker-7: Building] INFO  o.e.m.c.i.embedder.EclipseLogger - Copying 0 resource
2022-10-31 15:06:59,462 [Worker-7: Building] INFO  o.e.m.c.i.embedder.EclipseLogger - Using 'UTF-8' encoding to copy filtered resources.
2022-10-31 15:06:59,462 [Worker-7: Building] INFO  o.e.m.c.i.embedder.EclipseLogger - Using 'UTF-8' encoding to copy filtered properties files.
2022-10-31 15:06:59,462 [Worker-7: Building] INFO  o.e.m.c.i.embedder.EclipseLogger - skip non existing resourceDirectory C:\Users\Ghaith\Desktop\CodingDojo\Java_Stack\SpringBoot\daikichiroutes\src\test\resources
2022-10-31 15:07:07,931 [Worker-12: Building] INFO  o.e.m.c.i.embedder.EclipseLogger - Using 'UTF-8' encoding to copy filtered resources.
2022-10-31 15:07:07,931 [Worker-12: Building] INFO  o.e.m.c.i.embedder.EclipseLogger - Using 'UTF-8' encoding to copy filtered properties files.
2022-10-31 15:07:07,934 [Worker-12: Building] INFO  o.e.m.c.i.embedder.EclipseLogger - Copying 1 resource
2022-10-31 15:07:08,056 [Worker-12: Building] INFO  o.e.m.c.i.embedder.EclipseLogger - Copying 0 resource
2022-10-31 15:07:08,066 [Worker-12: Building] INFO  o.e.m.c.i.embedder.EclipseLogger - Using 'UTF-8' encoding to copy filtered resources.
2022-10-31 15:07:08,066 [Worker-12: Building] INFO  o.e.m.c.i.embedder.EclipseLogger - Using 'UTF-8' encoding to copy filtered properties files.
2022-10-31 15:07:08,067 [Worker-12: Building] INFO  o.e.m.c.i.embedder.EclipseLogger - skip non existing resourceDirectory C:\Users\Ghaith\Desktop\CodingDojo\Java_Stack\SpringBoot\daikichiroutes\src\test\resources
2022-10-31 15:07:18,601 [Worker-15: Launching daikichiroutes - DaikichiroutesApplication] INFO  o.e.m.c.i.embedder.EclipseLogger - Using 'UTF-8' encoding to copy filtered resources.
2022-10-31 15:07:18,601 [Worker-15: Launching daikichiroutes - DaikichiroutesApplication] INFO  o.e.m.c.i.embedder.EclipseLogger - Using 'UTF-8' encoding to copy filtered properties files.
2022-10-31 15:07:18,602 [Worker-15: Launching daikichiroutes - DaikichiroutesApplication] INFO  o.e.m.c.i.embedder.EclipseLogger - Copying 1 resource
2022-10-31 15:07:18,714 [Worker-15: Launching daikichiroutes - DaikichiroutesApplication] INFO  o.e.m.c.i.embedder.EclipseLogger - Copying 0 resource
2022-10-31 15:07:18,723 [Worker-15: Launching daikichiroutes - DaikichiroutesApplication] INFO  o.e.m.c.i.embedder.EclipseLogger - Using 'UTF-8' encoding to copy filtered resources.
2022-10-31 15:07:18,723 [Worker-15: Launching daikichiroutes - DaikichiroutesApplication] INFO  o.e.m.c.i.embedder.EclipseLogger - Using 'UTF-8' encoding to copy filtered properties files.
2022-10-31 15:07:18,723 [Worker-15: Launching daikichiroutes - DaikichiroutesApplication] INFO  o.e.m.c.i.embedder.EclipseLogger - skip non existing resourceDirectory C:\Users\Ghaith\Desktop\CodingDojo\Java_Stack\SpringBoot\daikichiroutes\src\test\resources
